
Showing logs for build [32mcb-kubecd-environment-pr-196-1-tsk5w-1[0m stage [32mfrom-build-pack[0m and container [32mstep-credential-initializer-d9fdf[0m
{"level":"warn","ts":1586250867.8175242,"logger":"fallback-logger","caller":"logging/config.go:69","msg":"Fetch GitHub commit ID from kodata failed: \"ref: refs/heads/0.8.0-**-support-backwards-incompats\" is not a valid GitHub commit ID"}
{"level":"info","ts":1586250867.8184175,"logger":"fallback-logger","caller":"creds-init/main.go:40","msg":"Credentials initialized."}

Showing logs for build [32mcb-kubecd-environment-pr-196-1-tsk5w-1[0m stage [32mfrom-build-pack[0m and container [32mstep-working-dir-initializer-qjnpg[0m
{"level":"warn","ts":1586250869.1498396,"logger":"fallback-logger","caller":"logging/config.go:69","msg":"Fetch GitHub commit ID from kodata failed: open /var/run/ko/HEAD: no such file or directory"}
{"level":"info","ts":1586250869.15099,"logger":"fallback-logger","caller":"bash/main.go:64","msg":"Successfully executed command \"sh -c mkdir -p /workspace/source\"; output "}

Showing logs for build [32mcb-kubecd-environment-pr-196-1-tsk5w-1[0m stage [32mfrom-build-pack[0m and container [32mstep-place-tools[0m

Showing logs for build [32mcb-kubecd-environment-pr-196-1-tsk5w-1[0m stage [32mfrom-build-pack[0m and container [32mstep-git-source-cb-kubecd-environment-pr-196-1-tsk5w-clfcb[0m
{"level":"warn","ts":1586250873.2508094,"logger":"fallback-logger","caller":"logging/config.go:69","msg":"Fetch GitHub commit ID from kodata failed: \"ref: refs/heads/0.8.0-**-support-backwards-incompats\" is not a valid GitHub commit ID"}
{"level":"info","ts":1586250874.3911142,"logger":"fallback-logger","caller":"git/git.go:103","msg":"Successfully cloned https://github.com/cb-kubecd/environment-pr-196-1-boot-gke-production.git @ master in path /workspace/source"}

Showing logs for build [32mcb-kubecd-environment-pr-196-1-tsk5w-1[0m stage [32mfrom-build-pack[0m and container [32mstep-git-merge[0m
Using SHAs from PULL_REFS=master:6ab1804d75d5b9fc2ac39af3ae528c2374427094,1:8d0ca6e083a967f471ad17ba97117eca8a6acbe7
DEBUG: LC_ALL=C JX_LOG_LEVEL=error git fetch origin --unshallow 8d0ca6e083a967f471ad17ba97117eca8a6acbe7: 6ab1804d75d5b9fc2ac39af3ae528c2374427094:
DEBUG: ran git fetch --unshallow origin 8d0ca6e083a967f471ad17ba97117eca8a6acbe7: 6ab1804d75d5b9fc2ac39af3ae528c2374427094: in 
DEBUG: LC_ALL=C JX_LOG_LEVEL=error git branch
DEBUG: LC_ALL=C JX_LOG_LEVEL=error git checkout master
DEBUG: ran git checkout master in 
DEBUG: LC_ALL=C JX_LOG_LEVEL=error git reset --hard 6ab1804d75d5b9fc2ac39af3ae528c2374427094
DEBUG: ran git reset --hard 6ab1804d75d5b9fc2ac39af3ae528c2374427094 in 
DEBUG: LC_ALL=C JX_LOG_LEVEL=error git clean -fd .
DEBUG: ran clean --force -d . in 
DEBUG: LC_ALL=C JX_LOG_LEVEL=error git merge 8d0ca6e083a967f471ad17ba97117eca8a6acbe7
DEBUG: ran git merge 8d0ca6e083a967f471ad17ba97117eca8a6acbe7 in 
DEBUG: LC_ALL=C JX_LOG_LEVEL=error git log --format=%H%x1f%an%x1f%ae%x1f%cn%x1f%ce%x1f%s%n%b%x1e 6ab1804d75d5b9fc2ac39af3ae528c2374427094..HEAD
Merged SHA 8d0ca6e083a967f471ad17ba97117eca8a6acbe7 with commit message 'chore: Promote bdd-spring-1586249986 to version 0.0.1' into base branch master

Showing logs for build [32mcb-kubecd-environment-pr-196-1-tsk5w-1[0m stage [32mfrom-build-pack[0m and container [32mstep-build-helm-build[0m
WARNING: No $CHART_REPOSITORY defined so using the default value of: http://jenkins-x-chartmuseum:8080
Adding missing Helm repo: storage.googleapis.com https://storage.googleapis.com/chartmuseum.jenkins-x.io
WARNING: No secrets found on "helm/repos" due: reading the secret "helm/repos" from vault: no secret "helm/repos" not found in vault
Read credentials for https://storage.googleapis.com/chartmuseum.jenkins-x.io from vault helm/repos
Successfully added Helm repository storage.googleapis.com.
Adding missing Helm repo: jenkins-x-chartmuseum http://jenkins-x-chartmuseum:8080
WARNING: No secrets found on "helm/repos" due: reading the secret "helm/repos" from vault: no secret "helm/repos" not found in vault
Read credentials for http://jenkins-x-chartmuseum:8080 from vault helm/repos
Successfully added Helm repository jenkins-x-chartmuseum.
WARNING: No $CHART_REPOSITORY defined so using the default value of: http://jenkins-x-chartmuseum:8080
Adding missing Helm repo: chartmuseum.jenkins-x.io http://chartmuseum.jenkins-x.io
WARNING: No secrets found on "helm/repos" due: reading the secret "helm/repos" from vault: no secret "helm/repos" not found in vault
Read credentials for http://chartmuseum.jenkins-x.io from vault helm/repos
Successfully added Helm repository chartmuseum.jenkins-x.io.
